2021-08-17 23:26:56.275  INFO 5322 --- [restartedMain] c.e.s.SpringBootTestApplication          : Starting SpringBootTestApplication using Java 1.8.0_261 on ashiamddeMBP with PID 5322 (/Users/ashiamd/mydocs/docs/study/ITstudy/documents/Java/SpringBootTest/target/classes started by ashiamd in /Users/ashiamd/mydocs/docs/study/ITstudy/documents/Java/SpringBootTest)
2021-08-17 23:26:56.292  INFO 5322 --- [restartedMain] c.e.s.SpringBootTestApplication          : No active profile set, falling back to default profiles: default
2021-08-17 23:26:56.366  INFO 5322 --- [restartedMain] .e.DevToolsPropertyDefaultsPostProcessor : Devtools property defaults active! Set 'spring.devtools.add-properties' to 'false' to disable
2021-08-17 23:26:56.366  INFO 5322 --- [restartedMain] .e.DevToolsPropertyDefaultsPostProcessor : For additional web related logging consider setting the 'logging.level.web' property to 'DEBUG'
2021-08-17 23:26:57.411  INFO 5322 --- [restartedMain] o.s.b.w.embedded.tomcat.TomcatWebServer  : Tomcat initialized with port(s): 8080 (http)
2021-08-17 23:26:57.418  INFO 5322 --- [restartedMain] o.apache.catalina.core.StandardService   : Starting service [Tomcat]
2021-08-17 23:26:57.418  INFO 5322 --- [restartedMain] org.apache.catalina.core.StandardEngine  : Starting Servlet engine: [Apache Tomcat/9.0.50]
2021-08-17 23:26:57.475  INFO 5322 --- [restartedMain] o.a.c.c.C.[Tomcat].[localhost].[/]       : Initializing Spring embedded WebApplicationContext
2021-08-17 23:26:57.476  INFO 5322 --- [restartedMain] w.s.c.ServletWebServerApplicationContext : Root WebApplicationContext: initialization completed in 1109 ms
2021-08-17 23:26:58.104  INFO 5322 --- [restartedMain] o.s.b.d.a.OptionalLiveReloadServer       : LiveReload server is running on port 35729
2021-08-17 23:26:58.145  INFO 5322 --- [restartedMain] o.s.b.w.embedded.tomcat.TomcatWebServer  : Tomcat started on port(s): 8080 (http) with context path ''
2021-08-17 23:26:58.155  INFO 5322 --- [restartedMain] c.e.s.SpringBootTestApplication          : Started SpringBootTestApplication in 2.313 seconds (JVM running for 3.719)
2021-08-17 23:27:49.817  INFO 5322 --- [http-nio-8080-exec-2] o.a.c.c.C.[Tomcat].[localhost].[/]       : Initializing Spring DispatcherServlet 'dispatcherServlet'
2021-08-17 23:27:49.819  INFO 5322 --- [http-nio-8080-exec-2] o.s.web.servlet.DispatcherServlet        : Initializing Servlet 'dispatcherServlet'
2021-08-17 23:27:49.820  INFO 5322 --- [http-nio-8080-exec-2] o.s.web.servlet.DispatcherServlet        : Completed initialization in 1 ms
2021-08-17 23:27:53.046  INFO 5322 --- [http-nio-8080-exec-2] com.zaxxer.hikari.HikariDataSource       : HikariPool-1 - Starting...
2021-08-17 23:27:53.443  INFO 5322 --- [http-nio-8080-exec-2] com.zaxxer.hikari.HikariDataSource       : HikariPool-1 - Start completed.
2021-08-17 23:27:57.560  INFO 5322 --- [http-nio-8080-exec-2] c.e.s.service.impl.StudentServiceImpl    : B
2021-08-17 23:27:57.560  INFO 5322 --- [http-nio-8080-exec-2] c.e.s.service.impl.StudentServiceImpl    : A
2021-08-17 23:27:59.110  INFO 5322 --- [http-nio-8080-exec-2] c.e.s.controller.StudentController       : Controller解决异常
2021-08-17 23:27:59.110  INFO 5322 --- [http-nio-8080-exec-2] c.e.s.controller.StudentController       : Controller正常
2021-08-17 23:28:55.067  INFO 5322 --- [SpringApplicationShutdownHook] com.zaxxer.hikari.HikariDataSource       : HikariPool-1 - Shutdown initiated...
2021-08-17 23:28:55.074  INFO 5322 --- [SpringApplicationShutdownHook] com.zaxxer.hikari.HikariDataSource       : HikariPool-1 - Shutdown completed.
2021-08-17 23:29:00.897  INFO 5343 --- [restartedMain] c.e.s.SpringBootTestApplication          : Starting SpringBootTestApplication using Java 1.8.0_261 on ashiamddeMBP with PID 5343 (/Users/ashiamd/mydocs/docs/study/ITstudy/documents/Java/SpringBootTest/target/classes started by ashiamd in /Users/ashiamd/mydocs/docs/study/ITstudy/documents/Java/SpringBootTest)
2021-08-17 23:29:00.899  INFO 5343 --- [restartedMain] c.e.s.SpringBootTestApplication          : No active profile set, falling back to default profiles: default
2021-08-17 23:29:00.956  INFO 5343 --- [restartedMain] .e.DevToolsPropertyDefaultsPostProcessor : Devtools property defaults active! Set 'spring.devtools.add-properties' to 'false' to disable
2021-08-17 23:29:00.956  INFO 5343 --- [restartedMain] .e.DevToolsPropertyDefaultsPostProcessor : For additional web related logging consider setting the 'logging.level.web' property to 'DEBUG'
2021-08-17 23:29:01.785  INFO 5343 --- [restartedMain] o.s.b.w.embedded.tomcat.TomcatWebServer  : Tomcat initialized with port(s): 8080 (http)
2021-08-17 23:29:01.793  INFO 5343 --- [restartedMain] o.apache.catalina.core.StandardService   : Starting service [Tomcat]
2021-08-17 23:29:01.793  INFO 5343 --- [restartedMain] org.apache.catalina.core.StandardEngine  : Starting Servlet engine: [Apache Tomcat/9.0.50]
2021-08-17 23:29:01.835  INFO 5343 --- [restartedMain] o.a.c.c.C.[Tomcat].[localhost].[/]       : Initializing Spring embedded WebApplicationContext
2021-08-17 23:29:01.835  INFO 5343 --- [restartedMain] w.s.c.ServletWebServerApplicationContext : Root WebApplicationContext: initialization completed in 878 ms
2021-08-17 23:29:02.411  INFO 5343 --- [restartedMain] o.s.b.d.a.OptionalLiveReloadServer       : LiveReload server is running on port 35729
2021-08-17 23:29:02.456  INFO 5343 --- [restartedMain] o.s.b.w.embedded.tomcat.TomcatWebServer  : Tomcat started on port(s): 8080 (http) with context path ''
2021-08-17 23:29:02.467  INFO 5343 --- [restartedMain] c.e.s.SpringBootTestApplication          : Started SpringBootTestApplication in 1.91 seconds (JVM running for 2.572)
2021-08-17 23:30:01.239  INFO 5343 --- [http-nio-8080-exec-1] o.a.c.c.C.[Tomcat].[localhost].[/]       : Initializing Spring DispatcherServlet 'dispatcherServlet'
2021-08-17 23:30:01.240  INFO 5343 --- [http-nio-8080-exec-1] o.s.web.servlet.DispatcherServlet        : Initializing Servlet 'dispatcherServlet'
2021-08-17 23:30:01.242  INFO 5343 --- [http-nio-8080-exec-1] o.s.web.servlet.DispatcherServlet        : Completed initialization in 2 ms
2021-08-17 23:30:03.949  INFO 5343 --- [http-nio-8080-exec-1] com.zaxxer.hikari.HikariDataSource       : HikariPool-1 - Starting...
2021-08-17 23:30:04.108  INFO 5343 --- [http-nio-8080-exec-1] com.zaxxer.hikari.HikariDataSource       : HikariPool-1 - Start completed.
2021-08-17 23:30:07.524  INFO 5343 --- [http-nio-8080-exec-1] c.e.s.controller.StudentController       : Controller解决异常
2021-08-17 23:30:07.524  INFO 5343 --- [http-nio-8080-exec-1] c.e.s.controller.StudentController       : Controller正常
2021-08-17 23:32:28.435  INFO 5343 --- [Thread-8] com.zaxxer.hikari.HikariDataSource       : HikariPool-1 - Shutdown initiated...
2021-08-17 23:32:28.453  INFO 5343 --- [Thread-8] com.zaxxer.hikari.HikariDataSource       : HikariPool-1 - Shutdown completed.
2021-08-17 23:32:28.732  INFO 5343 --- [restartedMain] c.e.s.SpringBootTestApplication          : Starting SpringBootTestApplication using Java 1.8.0_261 on ashiamddeMBP with PID 5343 (/Users/ashiamd/mydocs/docs/study/ITstudy/documents/Java/SpringBootTest/target/classes started by ashiamd in /Users/ashiamd/mydocs/docs/study/ITstudy/documents/Java/SpringBootTest)
2021-08-17 23:32:28.732  INFO 5343 --- [restartedMain] c.e.s.SpringBootTestApplication          : No active profile set, falling back to default profiles: default
2021-08-17 23:32:28.987  INFO 5343 --- [restartedMain] o.s.b.w.embedded.tomcat.TomcatWebServer  : Tomcat initialized with port(s): 8080 (http)
2021-08-17 23:32:28.987  INFO 5343 --- [restartedMain] o.apache.catalina.core.StandardService   : Starting service [Tomcat]
2021-08-17 23:32:28.988  INFO 5343 --- [restartedMain] org.apache.catalina.core.StandardEngine  : Starting Servlet engine: [Apache Tomcat/9.0.50]
2021-08-17 23:32:28.996  INFO 5343 --- [restartedMain] o.a.c.c.C.[Tomcat].[localhost].[/]       : Initializing Spring embedded WebApplicationContext
2021-08-17 23:32:28.997  INFO 5343 --- [restartedMain] w.s.c.ServletWebServerApplicationContext : Root WebApplicationContext: initialization completed in 262 ms
2021-08-17 23:32:29.209  INFO 5343 --- [restartedMain] o.s.b.d.a.OptionalLiveReloadServer       : LiveReload server is running on port 35729
2021-08-17 23:32:29.220  INFO 5343 --- [restartedMain] o.s.b.w.embedded.tomcat.TomcatWebServer  : Tomcat started on port(s): 8080 (http) with context path ''
2021-08-17 23:32:29.224  INFO 5343 --- [restartedMain] c.e.s.SpringBootTestApplication          : Started SpringBootTestApplication in 0.538 seconds (JVM running for 209.323)
2021-08-17 23:32:29.225  INFO 5343 --- [restartedMain] .ConditionEvaluationDeltaLoggingListener : Condition evaluation unchanged
2021-08-17 23:32:30.765  INFO 5343 --- [restartedMain] c.e.s.SpringBootTestApplication          : Starting SpringBootTestApplication using Java 1.8.0_261 on ashiamddeMBP with PID 5343 (/Users/ashiamd/mydocs/docs/study/ITstudy/documents/Java/SpringBootTest/target/classes started by ashiamd in /Users/ashiamd/mydocs/docs/study/ITstudy/documents/Java/SpringBootTest)
2021-08-17 23:32:30.765  INFO 5343 --- [restartedMain] c.e.s.SpringBootTestApplication          : No active profile set, falling back to default profiles: default
2021-08-17 23:32:30.983  INFO 5343 --- [restartedMain] o.s.b.w.embedded.tomcat.TomcatWebServer  : Tomcat initialized with port(s): 8080 (http)
2021-08-17 23:32:30.986  INFO 5343 --- [restartedMain] o.apache.catalina.core.StandardService   : Starting service [Tomcat]
2021-08-17 23:32:30.987  INFO 5343 --- [restartedMain] org.apache.catalina.core.StandardEngine  : Starting Servlet engine: [Apache Tomcat/9.0.50]
2021-08-17 23:32:31.004  INFO 5343 --- [restartedMain] o.a.c.c.C.[Tomcat].[localhost].[/]       : Initializing Spring embedded WebApplicationContext
2021-08-17 23:32:31.005  INFO 5343 --- [restartedMain] w.s.c.ServletWebServerApplicationContext : Root WebApplicationContext: initialization completed in 233 ms
2021-08-17 23:32:31.213  INFO 5343 --- [restartedMain] o.s.b.d.a.OptionalLiveReloadServer       : LiveReload server is running on port 35729
2021-08-17 23:32:31.221  INFO 5343 --- [restartedMain] o.s.b.w.embedded.tomcat.TomcatWebServer  : Tomcat started on port(s): 8080 (http) with context path ''
2021-08-17 23:32:31.225  INFO 5343 --- [restartedMain] c.e.s.SpringBootTestApplication          : Started SpringBootTestApplication in 0.487 seconds (JVM running for 211.324)
2021-08-17 23:32:31.226  INFO 5343 --- [restartedMain] .ConditionEvaluationDeltaLoggingListener : Condition evaluation unchanged
2021-08-17 23:32:43.893  INFO 5343 --- [restartedMain] c.e.s.SpringBootTestApplication          : Starting SpringBootTestApplication using Java 1.8.0_261 on ashiamddeMBP with PID 5343 (/Users/ashiamd/mydocs/docs/study/ITstudy/documents/Java/SpringBootTest/target/classes started by ashiamd in /Users/ashiamd/mydocs/docs/study/ITstudy/documents/Java/SpringBootTest)
2021-08-17 23:32:43.894  INFO 5343 --- [restartedMain] c.e.s.SpringBootTestApplication          : No active profile set, falling back to default profiles: default
2021-08-17 23:32:44.078  INFO 5343 --- [restartedMain] o.s.b.w.embedded.tomcat.TomcatWebServer  : Tomcat initialized with port(s): 8080 (http)
2021-08-17 23:32:44.078  INFO 5343 --- [restartedMain] o.apache.catalina.core.StandardService   : Starting service [Tomcat]
2021-08-17 23:32:44.078  INFO 5343 --- [restartedMain] org.apache.catalina.core.StandardEngine  : Starting Servlet engine: [Apache Tomcat/9.0.50]
2021-08-17 23:32:44.084  INFO 5343 --- [restartedMain] o.a.c.c.C.[Tomcat].[localhost].[/]       : Initializing Spring embedded WebApplicationContext
2021-08-17 23:32:44.084  INFO 5343 --- [restartedMain] w.s.c.ServletWebServerApplicationContext : Root WebApplicationContext: initialization completed in 187 ms
2021-08-17 23:32:44.148  WARN 5343 --- [restartedMain] ConfigServletWebServerApplicationContext : Exception encountered during context initialization - cancelling refresh attempt: org.springframework.beans.factory.BeanCreationException: Error creating bean with name 'studentController': Injection of resource dependencies failed; nested exception is org.springframework.beans.factory.NoSuchBeanDefinitionException: No qualifying bean of type 'com.example.springboottest.service.StudentService' available: expected at least 1 bean which qualifies as autowire candidate. Dependency annotations: {@javax.annotation.Resource(shareable=true, lookup=, name=, description=, authenticationType=CONTAINER, type=class java.lang.Object, mappedName=)}
2021-08-17 23:32:44.148  INFO 5343 --- [restartedMain] o.apache.catalina.core.StandardService   : Stopping service [Tomcat]
2021-08-17 23:32:44.158  INFO 5343 --- [restartedMain] ConditionEvaluationReportLoggingListener : 

Error starting ApplicationContext. To display the conditions report re-run your application with 'debug' enabled.
2021-08-17 23:32:44.199 ERROR 5343 --- [restartedMain] o.s.b.d.LoggingFailureAnalysisReporter   : 

***************************
APPLICATION FAILED TO START
***************************

Description:

A component required a bean of type 'com.example.springboottest.service.StudentService' that could not be found.


Action:

Consider defining a bean of type 'com.example.springboottest.service.StudentService' in your configuration.

2021-08-17 23:32:46.639  INFO 5343 --- [restartedMain] c.e.s.SpringBootTestApplication          : Starting SpringBootTestApplication using Java 1.8.0_261 on ashiamddeMBP with PID 5343 (/Users/ashiamd/mydocs/docs/study/ITstudy/documents/Java/SpringBootTest/target/classes started by ashiamd in /Users/ashiamd/mydocs/docs/study/ITstudy/documents/Java/SpringBootTest)
2021-08-17 23:32:46.639  INFO 5343 --- [restartedMain] c.e.s.SpringBootTestApplication          : No active profile set, falling back to default profiles: default
2021-08-17 23:32:46.838  INFO 5343 --- [restartedMain] o.s.b.w.embedded.tomcat.TomcatWebServer  : Tomcat initialized with port(s): 8080 (http)
2021-08-17 23:32:46.839  INFO 5343 --- [restartedMain] o.apache.catalina.core.StandardService   : Starting service [Tomcat]
2021-08-17 23:32:46.840  INFO 5343 --- [restartedMain] org.apache.catalina.core.StandardEngine  : Starting Servlet engine: [Apache Tomcat/9.0.50]
2021-08-17 23:32:46.849  INFO 5343 --- [restartedMain] o.a.c.c.C.[Tomcat-1].[localhost].[/]     : Initializing Spring embedded WebApplicationContext
2021-08-17 23:32:46.850  INFO 5343 --- [restartedMain] w.s.c.ServletWebServerApplicationContext : Root WebApplicationContext: initialization completed in 209 ms
2021-08-17 23:32:47.107  INFO 5343 --- [restartedMain] o.s.b.d.a.OptionalLiveReloadServer       : LiveReload server is running on port 35729
2021-08-17 23:32:47.121  INFO 5343 --- [restartedMain] o.s.b.w.embedded.tomcat.TomcatWebServer  : Tomcat started on port(s): 8080 (http) with context path ''
2021-08-17 23:32:47.125  INFO 5343 --- [restartedMain] c.e.s.SpringBootTestApplication          : Started SpringBootTestApplication in 0.507 seconds (JVM running for 227.224)
2021-08-17 23:32:47.127  INFO 5343 --- [restartedMain] .ConditionEvaluationDeltaLoggingListener : Condition evaluation unchanged
2021-08-17 23:34:32.906  INFO 5343 --- [restartedMain] c.e.s.SpringBootTestApplication          : Starting SpringBootTestApplication using Java 1.8.0_261 on ashiamddeMBP with PID 5343 (/Users/ashiamd/mydocs/docs/study/ITstudy/documents/Java/SpringBootTest/target/classes started by ashiamd in /Users/ashiamd/mydocs/docs/study/ITstudy/documents/Java/SpringBootTest)
2021-08-17 23:34:32.906  INFO 5343 --- [restartedMain] c.e.s.SpringBootTestApplication          : No active profile set, falling back to default profiles: default
2021-08-17 23:34:33.076  INFO 5343 --- [restartedMain] o.s.b.w.embedded.tomcat.TomcatWebServer  : Tomcat initialized with port(s): 8080 (http)
2021-08-17 23:34:33.077  INFO 5343 --- [restartedMain] o.apache.catalina.core.StandardService   : Starting service [Tomcat]
2021-08-17 23:34:33.077  INFO 5343 --- [restartedMain] org.apache.catalina.core.StandardEngine  : Starting Servlet engine: [Apache Tomcat/9.0.50]
2021-08-17 23:34:33.082  INFO 5343 --- [restartedMain] o.a.c.c.C.[Tomcat-1].[localhost].[/]     : Initializing Spring embedded WebApplicationContext
2021-08-17 23:34:33.082  INFO 5343 --- [restartedMain] w.s.c.ServletWebServerApplicationContext : Root WebApplicationContext: initialization completed in 174 ms
2021-08-17 23:34:33.255  INFO 5343 --- [restartedMain] o.s.b.d.a.OptionalLiveReloadServer       : LiveReload server is running on port 35729
2021-08-17 23:34:33.263  INFO 5343 --- [restartedMain] o.s.b.w.embedded.tomcat.TomcatWebServer  : Tomcat started on port(s): 8080 (http) with context path ''
2021-08-17 23:34:33.266  INFO 5343 --- [restartedMain] c.e.s.SpringBootTestApplication          : Started SpringBootTestApplication in 0.384 seconds (JVM running for 333.37)
2021-08-17 23:34:33.267  INFO 5343 --- [restartedMain] .ConditionEvaluationDeltaLoggingListener : Condition evaluation unchanged
